1673995163179	geckodriver	INFO	Listening on 127.0.0.1:61744
1673995163698	mozrunner::runner	INFO	Running command: "/Applications/Firefox.app/Contents/MacOS/firefox-bin" "--marionette" "--remote-debugging-port" "61745" "--remote-allow-hosts" "localhost" "-foreground" "-no-remote" "-profile" "/var/folders/cf/8m33p8_j289373yzcv3fv0j00000gn/T/rust_mozprofilet3C8da"
1673995164246	Marionette	INFO	Marionette enabled
1673995164287	Marionette	INFO	Listening on port 61776
Read port: 61776
WebDriver BiDi listening on ws://127.0.0.1:61745
1673995164720	RemoteAgent	WARN	TLS certificate errors will be ignored for this session
console.warn: SearchSettings: "get: No settings file exists, new profile?" (new NotFoundError("Could not open the file at /var/folders/cf/8m33p8_j289373yzcv3fv0j00000gn/T/rust_mozprofilet3C8da/search.json.mozlz4", (void 0)))
DevTools listening on ws://127.0.0.1:61745/devtools/browser/f68ba81c-dc4c-4151-bc27-a5c666a35b77
1673995180874	Marionette	INFO	Stopped listening on port 61776
1673995207542	geckodriver	INFO	Listening on 127.0.0.1:62018
1673995208060	mozrunner::runner	INFO	Running command: "/Applications/Firefox.app/Contents/MacOS/firefox-bin" "--marionette" "--remote-debugging-port" "62019" "--remote-allow-hosts" "localhost" "-foreground" "-no-remote" "-profile" "/var/folders/cf/8m33p8_j289373yzcv3fv0j00000gn/T/rust_mozprofileeVBUkG"
1673995208579	Marionette	INFO	Marionette enabled
1673995208613	Marionette	INFO	Listening on port 62030
Read port: 62030
WebDriver BiDi listening on ws://127.0.0.1:62019
1673995209045	RemoteAgent	WARN	TLS certificate errors will be ignored for this session
console.warn: SearchSettings: "get: No settings file exists, new profile?" (new NotFoundError("Could not open the file at /var/folders/cf/8m33p8_j289373yzcv3fv0j00000gn/T/rust_mozprofileeVBUkG/search.json.mozlz4", (void 0)))
DevTools listening on ws://127.0.0.1:62019/devtools/browser/9654c508-5132-43f3-8453-8eebeecd4c29
1673995227309	Marionette	INFO	Stopped listening on port 62030
1673995324404	geckodriver	INFO	Listening on 127.0.0.1:62591
1673995324923	mozrunner::runner	INFO	Running command: "/Applications/Firefox.app/Contents/MacOS/firefox-bin" "--marionette" "--remote-debugging-port" "62592" "--remote-allow-hosts" "localhost" "-foreground" "-no-remote" "-profile" "/var/folders/cf/8m33p8_j289373yzcv3fv0j00000gn/T/rust_mozprofileadMGmp"
1673995325459	Marionette	INFO	Marionette enabled
1673995325497	Marionette	INFO	Listening on port 62607
Read port: 62607
WebDriver BiDi listening on ws://127.0.0.1:62592
1673995325931	RemoteAgent	WARN	TLS certificate errors will be ignored for this session
console.warn: SearchSettings: "get: No settings file exists, new profile?" (new NotFoundError("Could not open the file at /var/folders/cf/8m33p8_j289373yzcv3fv0j00000gn/T/rust_mozprofileadMGmp/search.json.mozlz4", (void 0)))
DevTools listening on ws://127.0.0.1:62592/devtools/browser/39349262-082f-464f-b2be-b02f00d1e6ea
1673995328779	Marionette	INFO	Stopped listening on port 62607
JavaScript error: resource://services-settings/Utils.jsm, line 240: TypeError: NetworkError: Network request failed
1673995372858	geckodriver	INFO	Listening on 127.0.0.1:62863
1673995372868	mozrunner::runner	INFO	Running command: "/Applications/Firefox.app/Contents/MacOS/firefox-bin" "--marionette" "--remote-debugging-port" "62864" "--remote-allow-hosts" "localhost" "-foreground" "-no-remote" "-profile" "/var/folders/cf/8m33p8_j289373yzcv3fv0j00000gn/T/rust_mozprofileYHqwMn"
1673995373375	Marionette	INFO	Marionette enabled
1673995373410	Marionette	INFO	Listening on port 62869
Read port: 62869
WebDriver BiDi listening on ws://127.0.0.1:62864
1673995373852	RemoteAgent	WARN	TLS certificate errors will be ignored for this session
console.warn: SearchSettings: "get: No settings file exists, new profile?" (new NotFoundError("Could not open the file at /var/folders/cf/8m33p8_j289373yzcv3fv0j00000gn/T/rust_mozprofileYHqwMn/search.json.mozlz4", (void 0)))
DevTools listening on ws://127.0.0.1:62864/devtools/browser/1a2d3a2f-96b0-4fe6-8cc6-cd1a8a4d2825
1673995375194	Marionette	INFO	Stopped listening on port 62869
WARNING: A blocker encountered an error while we were waiting.
          Blocker:  Waiting for ping task
          Phase: TelemetryController: Waiting for pending ping activity
          State: (none)
WARNING: Error: Phase "profile-before-change" is finished, it is too late to register completion condition "OS.File: flush I/O queued before profileBeforeChange"
WARNING: addBlocker@resource://gre/modules/AsyncShutdown.jsm:703:15
addBlocker@resource://gre/modules/AsyncShutdown.jsm:511:26
addBlocker@resource://gre/modules/AsyncShutdown.jsm:450:15
setupShutdown@resource://gre/modules/osfile/osfile_async_front.jsm:1563:28
@resource://gre/modules/osfile/osfile_async_front.jsm:1583:16
@resource://gre/modules/osfile.jsm:12:30
@resource://gre/modules/TelemetryStorage.jsm:19:28
promiseArchivePing@resource://gre/modules/TelemetryArchive.jsm:103:5
promiseArchivePing@resource://gre/modules/TelemetryArchive.jsm:63:33
_submitPingLogic@resource://gre/modules/TelemetryControllerParent.jsm:540:48
send@resource://gre/modules/TelemetryControllerParent.jsm:628:24
submitExternalPing@resource://gre/modules/TelemetryControllerParent.jsm:182:17
sendPing@resource://gre/modules/EventPing.jsm:51:30
_submitPing@resource://gre/modules/EventPing.jsm:229:12
shutdown@resource://gre/modules/EventPing.jsm:112:10
_cleanupOnShutdown@resource://gre/modules/TelemetryControllerParent.jsm:940:31
shutdown/<@resource://gre/modules/TelemetryControllerParent.jsm:1010:24
observe@resource://gre/modules/AsyncShutdown.jsm:560:16

WARNING: A blocker encountered an error while we were waiting.
          Blocker:  Waiting for ping task
          Phase: TelemetryController: Waiting for pending ping activity
          State: (none)
WARNING: Error: Phase "profile-before-change" is finished, it is too late to register completion condition "OS.File: flush I/O queued before profileBeforeChange"
WARNING: addBlocker@resource://gre/modules/AsyncShutdown.jsm:703:15
addBlocker@resource://gre/modules/AsyncShutdown.jsm:511:26
addBlocker@resource://gre/modules/AsyncShutdown.jsm:450:15
setupShutdown@resource://gre/modules/osfile/osfile_async_front.jsm:1563:28
@resource://gre/modules/osfile/osfile_async_front.jsm:1583:16
@resource://gre/modules/osfile.jsm:12:30
@resource://gre/modules/TelemetryStorage.jsm:19:28
promiseArchivePing@resource://gre/modules/TelemetryArchive.jsm:103:5
promiseArchivePing@resource://gre/modules/TelemetryArchive.jsm:63:33
_submitPingLogic@resource://gre/modules/TelemetryControllerParent.jsm:540:48
send@resource://gre/modules/TelemetryControllerParent.jsm:628:24
submitExternalPing@resource://gre/modules/TelemetryControllerParent.jsm:182:17
saveShutdownPings@resource://gre/modules/TelemetrySession.jsm:982:34
shutdownChromeProcess/cleanup/<@resource://gre/modules/TelemetrySession.jsm:1232:20
cleanup@resource://gre/modules/TelemetrySession.jsm:1239:9
shutdownChromeProcess@resource://gre/modules/TelemetrySession.jsm:1256:14
shutdown@resource://gre/modules/TelemetrySession.jsm:247:17
_cleanupOnShutdown@resource://gre/modules/TelemetryControllerParent.jsm:959:35
observe@resource://gre/modules/AsyncShutdown.jsm:560:16

WARNING: A blocker encountered an error while we were waiting.
          Blocker:  Waiting for ping task
          Phase: TelemetryController: Waiting for pending ping activity
          State: (none)
WARNING: Error: Phase "profile-before-change" is finished, it is too late to register completion condition "OS.File: flush I/O queued before profileBeforeChange"
WARNING: addBlocker@resource://gre/modules/AsyncShutdown.jsm:703:15
addBlocker@resource://gre/modules/AsyncShutdown.jsm:511:26
addBlocker@resource://gre/modules/AsyncShutdown.jsm:450:15
setupShutdown@resource://gre/modules/osfile/osfile_async_front.jsm:1563:28
@resource://gre/modules/osfile/osfile_async_front.jsm:1583:16
@resource://gre/modules/osfile.jsm:12:30
@resource://gre/modules/TelemetryStorage.jsm:19:28
promiseArchivePing@resource://gre/modules/TelemetryArchive.jsm:103:5
promiseArchivePing@resource://gre/modules/TelemetryArchive.jsm:63:33
_submitPingLogic@resource://gre/modules/TelemetryControllerParent.jsm:540:48
send@resource://gre/modules/TelemetryControllerParent.jsm:628:24
submitExternalPing@resource://gre/modules/TelemetryControllerParent.jsm:182:17
saveShutdownPings@resource://gre/modules/TelemetrySession.jsm:1014:36
shutdownChromeProcess/cleanup/<@resource://gre/modules/TelemetrySession.jsm:1232:20
cleanup@resource://gre/modules/TelemetrySession.jsm:1239:9
shutdownChromeProcess@resource://gre/modules/TelemetrySession.jsm:1256:14
shutdown@resource://gre/modules/TelemetrySession.jsm:247:17
_cleanupOnShutdown@resource://gre/modules/TelemetryControllerParent.jsm:959:35
observe@resource://gre/modules/AsyncShutdown.jsm:560:16

WARNING: A blocker encountered an error while we were waiting.
          Blocker:  TelemetryController: shutting down
          Phase: profile-before-change-telemetry
          State: Error getting state: Error: Phase "profile-before-change" is finished, it is too late to register completion condition "OS.File: flush I/O queued before profileBeforeChange" at addBlocker@resource://gre/modules/AsyncShutdown.jsm:703:15
addBlocker@resource://gre/modules/AsyncShutdown.jsm:511:26
addBlocker@resource://gre/modules/AsyncShutdown.jsm:450:15
setupShutdown@resource://gre/modules/osfile/osfile_async_front.jsm:1563:28
@resource://gre/modules/osfile/osfile_async_front.jsm:1583:16
@resource://gre/modules/osfile.jsm:12:30
@resource://gre/modules/TelemetryStorage.jsm:19:28
getShutdownState@resource://gre/modules/TelemetrySend.jsm:1687:7
getShutdownState@resource://gre/modules/TelemetrySend.jsm:369:30
_getState@resource://gre/modules/TelemetryControllerParent.jsm:1058:38
setupTelemetry/<@resource://gre/modules/TelemetryControllerParent.jsm:917:18
safeGetState@resource://gre/modules/AsyncShutdown.jsm:242:17
Barrier/addBlocker/promise<@resource://gre/modules/AsyncShutdown.jsm:751:20
observe@resource://gre/modules/AsyncShutdown.jsm:560:16

WARNING: Error: Phase "profile-before-change" is finished, it is too late to register completion condition "OS.File: flush I/O queued before profileBeforeChange"
WARNING: addBlocker@resource://gre/modules/AsyncShutdown.jsm:703:15
addBlocker@resource://gre/modules/AsyncShutdown.jsm:511:26
addBlocker@resource://gre/modules/AsyncShutdown.jsm:450:15
setupShutdown@resource://gre/modules/osfile/osfile_async_front.jsm:1563:28
@resource://gre/modules/osfile/osfile_async_front.jsm:1583:16
@resource://gre/modules/osfile.jsm:12:30
@resource://gre/modules/TelemetryStorage.jsm:19:28
removeAbortedSessionPing@resource://gre/modules/TelemetryControllerParent.jsm:721:5
removeAbortedSessionPing@resource://gre/modules/TelemetryControllerParent.jsm:249:17
shutdownChromeProcess/cleanup/<@resource://gre/modules/TelemetrySession.jsm:1235:42
observe@resource://gre/modules/AsyncShutdown.jsm:560:16

JavaScript error: resource://gre/modules/AsyncShutdown.jsm, line 703: Error: Phase "profile-before-change" is finished, it is too late to register completion condition "OS.File: flush I/O queued before profileBeforeChange"
JavaScript error: resource://gre/modules/AsyncShutdown.jsm, line 703: Error: Phase "profile-before-change" is finished, it is too late to register completion condition "OS.File: flush I/O queued before profileBeforeChange"
JavaScript error: resource://gre/modules/AsyncShutdown.jsm, line 703: Error: Phase "profile-before-change" is finished, it is too late to register completion condition "OS.File: flush I/O queued before profileBeforeChange"
JavaScript error: resource://gre/modules/AsyncShutdown.jsm, line 703: Error: Phase "profile-before-change" is finished, it is too late to register completion condition "OS.File: flush I/O queued before profileBeforeChange"
JavaScript error: resource://gre/modules/AsyncShutdown.jsm, line 703: Error: Phase "profile-before-change" is finished, it is too late to register completion condition "OS.File: flush I/O queued before profileBeforeChange"
JavaScript error: resource://gre/modules/AsyncShutdown.jsm, line 703: Error: Phase "profile-before-change" is finished, it is too late to register completion condition "OS.File: flush I/O queued before profileBeforeChange"
1673995408696	geckodriver	INFO	Listening on 127.0.0.1:63041
1673995408706	mozrunner::runner	INFO	Running command: "/Applications/Firefox.app/Contents/MacOS/firefox-bin" "--marionette" "--remote-debugging-port" "63042" "--remote-allow-hosts" "localhost" "-foreground" "-no-remote" "-profile" "/var/folders/cf/8m33p8_j289373yzcv3fv0j00000gn/T/rust_mozprofilexOHIfB"
1673995409222	Marionette	INFO	Marionette enabled
1673995409255	Marionette	INFO	Listening on port 63047
Read port: 63047
WebDriver BiDi listening on ws://127.0.0.1:63042
1673995409687	RemoteAgent	WARN	TLS certificate errors will be ignored for this session
console.warn: SearchSettings: "get: No settings file exists, new profile?" (new NotFoundError("Could not open the file at /var/folders/cf/8m33p8_j289373yzcv3fv0j00000gn/T/rust_mozprofilexOHIfB/search.json.mozlz4", (void 0)))
DevTools listening on ws://127.0.0.1:63042/devtools/browser/9843f434-4154-4ae4-a849-7f1696c436e3
1673995413036	Marionette	INFO	Stopped listening on port 63047
JavaScript error: resource://services-settings/Utils.jsm, line 240: TypeError: NetworkError: Network request failed
1673995464952	geckodriver	INFO	Listening on 127.0.0.1:63324
1673995464962	mozrunner::runner	INFO	Running command: "/Applications/Firefox.app/Contents/MacOS/firefox-bin" "--marionette" "--remote-debugging-port" "63325" "--remote-allow-hosts" "localhost" "-foreground" "-no-remote" "-profile" "/var/folders/cf/8m33p8_j289373yzcv3fv0j00000gn/T/rust_mozprofileZqeSCV"
1673995465482	Marionette	INFO	Marionette enabled
1673995465518	Marionette	INFO	Listening on port 63330
Read port: 63330
WebDriver BiDi listening on ws://127.0.0.1:63325
1673995465957	RemoteAgent	WARN	TLS certificate errors will be ignored for this session
console.warn: SearchSettings: "get: No settings file exists, new profile?" (new NotFoundError("Could not open the file at /var/folders/cf/8m33p8_j289373yzcv3fv0j00000gn/T/rust_mozprofileZqeSCV/search.json.mozlz4", (void 0)))
DevTools listening on ws://127.0.0.1:63325/devtools/browser/6eb01b7e-193c-407b-b561-c5afd67fb001
1673995472023	Marionette	INFO	Stopped listening on port 63330
JavaScript error: resource://services-settings/Utils.jsm, line 240: TypeError: NetworkError: Network request failed
1673995497764	geckodriver	INFO	Listening on 127.0.0.1:63532
1673995497773	mozrunner::runner	INFO	Running command: "/Applications/Firefox.app/Contents/MacOS/firefox-bin" "--marionette" "--remote-debugging-port" "63533" "--remote-allow-hosts" "localhost" "-foreground" "-no-remote" "-profile" "/var/folders/cf/8m33p8_j289373yzcv3fv0j00000gn/T/rust_mozprofilePMIS6E"
1673995498289	Marionette	INFO	Marionette enabled
1673995498324	Marionette	INFO	Listening on port 63542
Read port: 63542
WebDriver BiDi listening on ws://127.0.0.1:63533
1673995498760	RemoteAgent	WARN	TLS certificate errors will be ignored for this session
console.warn: SearchSettings: "get: No settings file exists, new profile?" (new NotFoundError("Could not open the file at /var/folders/cf/8m33p8_j289373yzcv3fv0j00000gn/T/rust_mozprofilePMIS6E/search.json.mozlz4", (void 0)))
DevTools listening on ws://127.0.0.1:63533/devtools/browser/60e2ef6c-503b-4ed2-9343-8a35f737e22a
1673995501026	Marionette	INFO	Stopped listening on port 63542
JavaScript error: resource://services-settings/Utils.jsm, line 240: TypeError: NetworkError: Network request failed
